<?xml version="1.0" encoding="UTF-8"?>
<!-- Generated by org.testng.reporters.JUnitReportReporter -->
<testsuite hostname="rajjage-lapa" name="sample.NICPropNGTest" tests="1" failures="0" timestamp="12 Sep 2013 16:09:34 GMT" time="0.005" errors="0">
  <testcase name="testGetId" time="0.005" classname="sample.NICPropNGTest"/>
</testsuite> <!-- sample.NICPropNGTest -->
