<?xml version="1.0" encoding="UTF-8"?>
<!-- Generated by org.testng.reporters.JUnitReportReporter -->
<testsuite hostname="rajjage-lapa" name="sample.InterpreterNGTest" tests="6" failures="0" timestamp="12 Sep 2013 16:09:34 GMT" time="0.063" errors="0">
  <testcase name="testCreateNICProp" time="0.003" classname="sample.InterpreterNGTest"/>
  <testcase name="testGetBirthday" time="0.057" classname="sample.InterpreterNGTest"/>
  <testcase name="testInterpret" time="0.000" classname="sample.InterpreterNGTest"/>
  <testcase name="testIsVoter" time="0.000" classname="sample.InterpreterNGTest"/>
  <testcase name="testGetGender" time="0.002" classname="sample.InterpreterNGTest"/>
  <testcase name="testValidate" time="0.001" classname="sample.InterpreterNGTest"/>
</testsuite> <!-- sample.InterpreterNGTest -->
